ispLEVER Auto-Make Log File
---------------------------

Updating: Fit Design
Start to record tcl script...
Finished recording TCL script.

Starting: 'C:\ispLEVER_Classic2_0\ispcpld\bin\syndos -env @MacceleratorSE_lse.env C:\ispLEVER_Classic2_0\lse/bin/nt/synthesis  -f "MacceleratorSE.synproj"'

Copyright (c) 1991-1994 by NeoCAD Inc. All rights reserved.
Copyright (c) 1995 AT&T Corp.   All rights reserved.
Copyright (c) 1995-2001 Lucent Technologies Inc.  All rights reserved.
Copyright (c) 2001 Agere Systems   All rights reserved.
Copyright (c) 2002-2015 Lattice Semiconductor Corporation,  All rights reserved.
Mon Oct 04 02:46:04 2021


Command Line:  C:\ispLEVER_Classic2_0\lse/bin/nt/synthesis -f MacceleratorSE.synproj 

Synthesis options:
The -a option is ispMACH400ZE.
The -t option is not used.
The -d option is LC4128ZE.
Using default performance grade 6.
                                                          

##########################################################

### Lattice Family : ispMACH400ZE

### Device  : LC4128ZE

### Package : 

##########################################################

                                                          

Optimization goal = Area
Top-level module name = MacceleratorSE.
WARNING - synthesis: Ignoring Frequency option in Area Mode. Setting to default frequency of 1.0 MHz.
WARNING - synthesis: Ignoring SDC constraints in Area Mode!
Target frequency = 1.000000 MHz.
Timing path count = 3
fsm_encoding_style = auto
resolve_mixed_drivers = 0
Use IO Insertion = TRUE
Resource Sharing = TRUE
Propagate Constants = TRUE
Remove Duplicate Registers = TRUE
Output EDIF file name = MacceleratorSE.edi.
WARNING - synthesis: Option -force_gsr will be set to false when option -output_edif/-ngo are set
The -comp option is FALSE.
The -syn option is FALSE.
Verilog design file = macceleratorse_lc4128ze.h
Verilog design file = ../fsb.v
Verilog design file = ../iobm.v
Verilog design file = ../iobs.v
Verilog design file = ../ram.v
Verilog design file = ../cs.v
Verilog design file = ../maccelerator-se.v
-sdc option: SDC file input not used.
-lpf option: Output file option is not used.
Hardtimer checking is enabled (default). The -dt option is not used.
The -r option is OFF. [ Remove LOC Properties is OFF. ]
Technology check ok...

Analyzing Verilog file C:/ispLEVER_Classic2_0/lse/userware/NT/SYNTHESIS_HEADERS/mach.v. VERI-1482
Compile design.
Compile Design Begin
Analyzing Verilog file macceleratorse_lc4128ze.h. VERI-1482
Analyzing Verilog file ../fsb.v. VERI-1482
Analyzing Verilog file ../iobm.v. VERI-1482
Analyzing Verilog file ../iobs.v. VERI-1482
Analyzing Verilog file ../ram.v. VERI-1482
Analyzing Verilog file ../cs.v. VERI-1482
Analyzing Verilog file ../maccelerator-se.v. VERI-1482
Analyzing Verilog file C:/ispLEVER_Classic2_0/lse/userware/NT/SYNTHESIS_HEADERS/mach.v. VERI-1482
Top module name (Verilog): MacceleratorSE
INFO - synthesis: ../maccelerator-se.v(1): compiling module MacceleratorSE. VERI-1018
INFO - synthesis: ../cs.v(1): compiling module CS. VERI-1018
INFO - synthesis: ../ram.v(1): compiling module RAM. VERI-1018
WARNING - synthesis: ../ram.v(142): expression size 32 truncated to fit in target size 1. VERI-1209
INFO - synthesis: ../iobs.v(1): compiling module IOBS. VERI-1018
WARNING - synthesis: ../iobs.v(102): expression size 32 truncated to fit in target size 1. VERI-1209
INFO - synthesis: ../iobm.v(1): compiling module IOBM. VERI-1018
WARNING - synthesis: ../iobm.v(24): expression size 32 truncated to fit in target size 5. VERI-1209
INFO - synthesis: ../fsb.v(1): compiling module FSB. VERI-1018
WARNING - synthesis: ../fsb.v(36): expression size 32 truncated to fit in target size 8. VERI-1209
Loading NGL library 'C:/ispLEVER_Classic2_0/lse/xo2c00/data/xo2clib.ngl'...
Loading NGL library 'C:/ispLEVER_Classic2_0/lse/or5g00/data/orc5glib.ngl'...
Loading device for application map from file 'xo2c640.nph' in environment: C:/ispLEVER_Classic2_0/lse.
Package Status:                     Final          Version 1.36.
Top-level module name = MacceleratorSE.
INFO - synthesis: Extracted state machine for register '\iobm/ES' with sequential encoding
State machine has 32 reachable states with original encodings of:

 00000 

 00001 

 00010 

 00011 

 00100 

 00101 

 00110 

 00111 

 01000 

 01001 

 01010 

 01011 

 01100 

 01101 

 01110 

 01111 

 10000 

 10001 

 10010 

 10011 

 10100 

 10101 

 10110 

 10111 

 11000 

 11001 

 11010 

 11011 

 11100 

 11101 

 11110 

 11111 




Applying 1.000000 MHz constraint to all clocks

WARNING - synthesis: No .lpf file will be written because the -lpf option is not used or is set to zero.
Results of NGD DRC are available in MacceleratorSE_drc.log.

################### Begin Area Report (MacceleratorSE)######################
Number of register bits => 60 of 880 (6 % )
AND2 => 157
AND3 => 24
AND4 => 3
AND5 => 1
AND6 => 3
DFF => 35
DFFC => 24
DFFCR => 1
GND => 1
IBUF => 35
INV => 106
OBUF => 32
OR2 => 117
OR3 => 18
OR4 => 3
OR5 => 1
VCC => 1
XOR2 => 13
################### End Area Report ##################

################### Begin Clock Report ######################
Clock Nets
Number of Clocks: 5
  Net : CLK_FSB_c, loads : 38
  Net : CLK2X_IOB_c, loads : 14
  Net : C16M_N_354, loads : 5
  Net : CLK_N_168, loads : 2
  Net : C8M_N_335, loads : 1
Clock Enable Nets
Number of Clock Enables: 0
Top 0 highest fanout Clock Enables:
Highest fanout non-clock nets
Top 10 highest fanout non-clock nets:
  Net : ASInactive, loads : 11
  Net : RASEL_N_132, loads : 11
  Net : nAS_FSB_c, loads : 10
  Net : ram/RS_1, loads : 10
  Net : ram/RASEL, loads : 10
  Net : RA_c_21_c, loads : 9
  Net : ASActive, loads : 9
  Net : ram/RefAck, loads : 9
  Net : n7, loads : 9
  Net : iobm/IOS_2, loads : 9
################### End Clock Report ##################

Timing Report Summary
--------------
--------------------------------------------------------------------------------
Constraint                              |   Constraint|       Actual|Levels
--------------------------------------------------------------------------------
                                        |             |             |
create_clock -period 1000.000000 -name  |             |             |
clk4 [get_nets C8M_N_335]               |            -|            -|     0  
                                        |             |             |
create_clock -period 1000.000000 -name  |             |             |
clk3 [get_nets CLK_N_168]               |            -|            -|     0  
                                        |             |             |
create_clock -period 1000.000000 -name  |             |             |
clk2 [get_nets C16M_N_354]              |            -|            -|     0  
                                        |             |             |
create_clock -period 1000.000000 -name  |             |             |
clk1 [get_nets CLK2X_IOB_c]             |            -|            -|     0  
                                        |             |             |
create_clock -period 1000.000000 -name  |             |             |
clk0 [get_nets CLK_FSB_c]               |            -|            -|     0  
                                        |             |             |
--------------------------------------------------------------------------------


All constraints were met.


Peak Memory Usage: 34.758  MB

--------------------------------------------------------------
Elapsed CPU time for LSE flow : 0.641  secs
--------------------------------------------------------------

Done: completed successfully.

Starting: 'C:\ispLEVER_Classic2_0\ispcpld\bin\edif2blf.exe @6500.rsp'
Original: 'edif2blf -edf MacceleratorSE.edi -out MacceleratorSE.bl0 -err automake.err -log MacceleratorSE.log -prj macceleratorse_lc4128ze -lib "C:\ispLEVER_Classic2_0\ispcpld/dat/mach.edn" -net_Vcc VCC -net_GND GND -nbx -dse -tlw -cvt YES -xor'

Starting EDIF2BLIF....
readEDIF ended normally.

Inspect circuit RAM
    Number of input ports   : 10
    Number of output ports  : 10
    Number of bidir ports   : 0
    Number of instances     : 11
    Number of nets          : 24

No design errors found in circuit RAM


Inspect circuit FSB
    Number of input ports   : 12
    Number of output ports  : 7
    Number of bidir ports   : 0
    Number of instances     : 16
    Number of nets          : 35

No design errors found in circuit FSB


Inspect circuit IOBS
    Number of input ports   : 18
    Number of output ports  : 13
    Number of bidir ports   : 0
    Number of instances     : 17
    Number of nets          : 36

No design errors found in circuit IOBS


Inspect circuit IOBM
    Number of input ports   : 18
    Number of output ports  : 14
    Number of bidir ports   : 0
    Number of instances     : 24
    Number of nets          : 48

No design errors found in circuit IOBM


Inspect circuit CS
    Number of input ports   : 4
    Number of output ports  : 1
    Number of bidir ports   : 0
    Number of instances     : 1
    Number of nets          : 5

No design errors found in circuit CS


Inspect circuit MacceleratorSE
    Number of input ports   : 13
    Number of output ports  : 21
    Number of bidir ports   : 0
    Number of instances     : 577
    Number of nets          : 612

No design errors found in circuit MacceleratorSE

WriteBLIF ended normally.

Done: completed successfully.

Starting: 'C:\ispLEVER_Classic2_0\ispcpld\bin\mblifopt.exe MacceleratorSE.bl0 -collapse none -reduce none -err automake.err -gui -keepwires'

BLIFOPT  Open-ABEL Optimizer 
U.C. Berkeley, SIS Ver. 1.0, supported by Lattice Semiconductor
ispLEVER Classic 2.0 Copyright 1992-2015 Lattice Semiconductor. All Rights Reserved.
Reading Open-ABEL 2 file MacceleratorSE.bl0...
Writing Open-ABEL 2 (BLIF) file MacceleratorSE.bl1...
Note    0: 
BLIFOPT complete - Time 0 seconds
Done: completed successfully.

Starting: 'C:\ispLEVER_Classic2_0\ispcpld\bin\mblflink.exe "MacceleratorSE.bl1" -o "macceleratorse_lc4128ze.bl2" -omod "macceleratorse_lc4128ze" -gui -err "automake.err"'

BLIFLINK  Top-Down Design Linker
ispLEVER Classic 2.0 Copyright 1992-2015 Lattice Semiconductor. All Rights Reserved.

Top-level file: 'MacceleratorSE.bl1'

Hierarchical BLIF: 'macceleratorse_lc4128ze.bl2'

BLIFLINK complete.  Time: 1 second 
Done: completed successfully.

Starting: 'C:\ispLEVER_Classic2_0\ispcpld\bin\impsrc.exe -gui -prj macceleratorse_lc4128ze -lci macceleratorse_lc4128ze.lct -log macceleratorse_lc4128ze.imp -err automake.err -tti macceleratorse_lc4128ze.bl2 -dir c:\users\zanek\documents\github\se-030\cpld\l...'

No pin assignment or valid property.
No source constraints were imported.
Done: completed successfully.

Starting: 'C:\ispLEVER_Classic2_0\ispcpld\bin\abelvci.exe -vci macceleratorse_lc4128ze.lct -blifopt macceleratorse_lc4128ze.b2_'

Done: completed successfully.

Starting: 'C:\ispLEVER_Classic2_0\ispcpld\bin\mblifopt.exe macceleratorse_lc4128ze.bl2 -sweep -mergefb -err automake.err -o macceleratorse_lc4128ze.bl3 @macceleratorse_lc4128ze.b2_ -gui'

BLIFOPT  Open-ABEL Optimizer 
U.C. Berkeley, SIS Ver. 1.0, supported by Lattice Semiconductor
ispLEVER Classic 2.0 Copyright 1992-2015 Lattice Semiconductor. All Rights Reserved.
Reading Open-ABEL 2 file macceleratorse_lc4128ze.bl2...
Merging feedbacks...
Note 13707: Node nAoutOE_c is collapsed...
Note 13707: Node n9 is collapsed...
Note 13707: Node n2823 is collapsed...
Note 13707: Node n8_adj_463 is collapsed...
Note 13707: Node n2844 is collapsed...
Note 13707: Node A_FSB_c_7 is collapsed...
Note 13707: Node A_FSB_c_6 is collapsed...
Note 13707: Node n2847 is collapsed...
Note 13707: Node A_FSB_c_5 is collapsed...
Note 13707: Node A_FSB_c_4 is collapsed...
Note 13707: Node n2841 is collapsed...
Note 13707: Node n2822 is collapsed...
Note 13707: Node A_FSB_c_3 is collapsed...
Note 13707: Node A_FSB_c_2 is collapsed...
Note 13707: Node A_FSB_c_1 is collapsed...
Note 13707: Node n8 is collapsed...
Note 13707: Node n13 is collapsed...
Note 13707: Node n2828 is collapsed...
Note 13707: Node n1813 is collapsed...
Note 13707: Node n1837 is collapsed...
Note 13707: Node n3003 is collapsed...
Note 13707: Node CLK_IOB_c is collapsed...
Note 13707: Node n2832 is collapsed...
Note 13707: Node n88 is collapsed...
Note 13707: Node n2981 is collapsed...
Note 13707: Node n23 is collapsed...
Note 13707: Node nRES_c is collapsed...
Note 13707: Node n4_adj_469 is collapsed...
Note 13707: Node n2849 is collapsed...
Note 13707: Node n2831 is collapsed...
Note 13707: Node n2912 is collapsed...
Note 13707: Node n1560 is collapsed...
Note 13707: Node n2821 is collapsed...
Note 13707: Node n2829 is collapsed...
Note 13707: Node n9_adj_472 is collapsed...
Note 13707: Node n2203 is collapsed...
Note 13707: Node n56_adj_473 is collapsed...
Note 13707: Node n2834 is collapsed...
Note 13707: Node n2825 is collapsed...
Note 13707: Node n1674 is collapsed...
Note 13707: Node ASrf_N_424 is collapsed...
Note 13707: Node n5_adj_461 is collapsed...
Note 13707: Node IACS_N_421 is collapsed...
Note 13707: Node n6 is collapsed...
Note 13707: Node n2836 is collapsed...
Note 13707: Node RefDone_N_430 is collapsed...
Note 13707: Node n2826 is collapsed...
Note 13707: Node n86 is collapsed...
Note 13707: Node n2838 is collapsed...
Note 13707: Node n39_adj_460 is collapsed...
Note 13707: Node n2846 is collapsed...
Note 13707: Node n5_adj_450 is collapsed...
Note 13707: Node PS_1__N_232 is collapsed...
Note 13707: Node n1764 is collapsed...
Note 13707: Node n5_adj_482 is collapsed...
Note 13707: Node n2769 is collapsed...
Note 13707: Node n49 is collapsed...
Note 13707: Node n1832 is collapsed...
Note 13707: Node n4_adj_455 is collapsed...
Note 13707: Node nLWE_N_171 is collapsed...
Note 13707: Node n2568 is collapsed...
Note 13707: Node RASEL_N_151 is collapsed...
Note 13707: Node n11 is collapsed...
Note 13707: Node RS_2_N_121_1 is collapsed...
Note 13707: Node RASEL_N_145 is collapsed...
Note 13707: Node n2771 is collapsed...
Note 13707: Node RASEL_N_144 is collapsed...
Note 13707: Node RAMReady_N_201 is collapsed...
Note 13707: Node n2193 is collapsed...
Note 13707: Node n2952 is collapsed...
Note 13707: Node n1076 is collapsed...
Note 13707: Node n923 is collapsed...
Note 13707: Node RefRAS_N_225 is collapsed...
Note 13707: Node RASEL_N_137 is collapsed...
Note 13707: Node n936 is collapsed...
Note 13707: Node n2843 is collapsed...
Note 13707: Node n1122 is collapsed...
Note 13707: Node n1120 is collapsed...
Note 13707: Node n2840 is collapsed...
Note 13707: Node n1124 is collapsed...
Note 13707: Node n35 is collapsed...
Note 13707: Node n2974 is collapsed...
Note 13707: Node A_FSB_c_18 is collapsed...
Note 13707: Node A_FSB_c_17 is collapsed...
Note 13707: Node A_FSB_c_16 is collapsed...
Note 13707: Node A_FSB_c_15 is collapsed...
Note 13707: Node A_FSB_c_13 is collapsed...
Note 13707: Node A_FSB_c_9 is collapsed...
Note 13707: Node A_FSB_c_8 is collapsed...
Note 13707: Node n1477 is collapsed...
Note 13707: Node nDTACK_IOB_c is collapsed...
Note 13707: Node nVPA_IOB_c is collapsed...
Note 13707: Node n4_adj_445 is collapsed...
Note 13707: Node CLK_N_168 is collapsed...
Note 13707: Node n1592 is collapsed...
Note 13707: Node nBERR_IOB_c is collapsed...
Note 13707: Node n1700 is collapsed...
Note 13707: Node n1669 is collapsed...
Note 13707: Node RefReq is collapsed...
Note 13707: Node n1 is collapsed...
Note 13707: Node n2150 is collapsed...
Note 13707: Node n908 is collapsed...
Note 13707: Node n7_adj_453 is collapsed...
Note 13707: Node n2171 is collapsed...
Note 13707: Node nLDS_N_175 is collapsed...
Note 13707: Node nUDS_N_179 is collapsed...
Note 13707: Node n1788 is collapsed...
Note 13707: Node n106 is collapsed...
Note 13707: Node n2802 is collapsed...
Note 13707: Node n2940 is collapsed...
Note 13707: Node n2891 is collapsed...
Note 13707: Node n2947 is collapsed...
Note 13707: Node n2765 is collapsed...
Note 13707: Node n2949 is collapsed...
Note 13707: Node n2888 is collapsed...
Note 13707: Node n64 is collapsed...
Note 13707: Node n25 is collapsed...
Note 13707: Node n2934 is collapsed...
Note 13707: Node n160 is collapsed...
Note 13707: Node n2962 is collapsed...
Note 13707: Node n2959 is collapsed...
Note 13707: Node n2864 is collapsed...
Note 13707: Node n2978 is collapsed...
Note 13707: Node n2883 is collapsed...
Note 13707: Node n157 is collapsed...
Note 13707: Node n68 is collapsed...
Note 13707: Node n27 is collapsed...
Note 13707: Node n2784 is collapsed...
Note 13707: Node n2792 is collapsed...
Note 13707: Node n2956 is collapsed...
Note 13707: Node n2979 is collapsed...
Note 13707: Node n2950 is collapsed...
Note 13707: Node n2782 is collapsed...
Note 13707: Node n2943 is collapsed...
Note 13707: Node n2946 is collapsed...
Note 13707: Node n2944 is collapsed...
Note 13707: Node n1109 is collapsed...
Note 13707: Node n2953 is collapsed...
Note 13707: Node n52 is collapsed...
Note 13707: Node n2458 is collapsed...
Note 13707: Node n2982 is collapsed...
Note 13707: Node n2865 is collapsed...
Note 13707: Node n31 is collapsed...
Note 13707: Node n2971 is collapsed...
Note 13707: Node n2920 is collapsed...
Note 13707: Node RASEL_N_142 is collapsed...
Note 13707: Node n2900 is collapsed...
Note 13707: Node n46_adj_464 is collapsed...
Note 13707: Node n2941 is collapsed...
Note 13707: Node n45 is collapsed...
Note 13707: Node n2919 is collapsed...
Note 13707: Node n79 is collapsed...
Note 13707: Node n2983 is collapsed...
Note 13707: Node n2887 is collapsed...
Note 13707: Node i2409 is collapsed...
Note 13707: Node n2756 is collapsed...
Note 13707: Node n44_adj_465 is collapsed...
Note 13707: Node n2985 is collapsed...
Note 13707: Node n2790 is collapsed...
Note 13707: Node n36 is collapsed...
Note 13707: Node n75 is collapsed...
Note 13707: Node n2922 is collapsed...
Note 13707: Node n2860 is collapsed...
Note 13707: Node n2976 is collapsed...
Note 13707: Node n2937 is collapsed...
Note 13707: Node n2858 is collapsed...
Note 13707: Node n2897 is collapsed...
Note 13707: Node n2965 is collapsed...
Note 13707: Node n2925 is collapsed...
Note 13707: Node i32_adj_249 is collapsed...
Note 13707: Node n2892 is collapsed...
Note 13707: Node n2928 is collapsed...
Note 13707: Node n2808 is collapsed...
Note 13707: Node n2867 is collapsed...
Note 13707: Node n2994 is collapsed...
Note 13707: Node n37 is collapsed...
Note 13707: Node n2901 is collapsed...
Note 13707: Node n2868 is collapsed...
Note 13707: Node n2873 is collapsed...
Note 13707: Node n2960 is collapsed...
Note 13707: Node n51 is collapsed...
Note 13707: Node Once_N_281 is collapsed...
Note 13707: Node n2882 is collapsed...
Note 13707: Node n2818 is collapsed...
Note 13707: Node n2935 is collapsed...
Note 13707: Node n2889 is collapsed...
Note 13707: Node i22 is collapsed...
Note 13707: Node n2804 is collapsed...
Note 13707: Node nOE_N_184 is collapsed...
Note 13707: Node n2885 is collapsed...
Note 13707: Node nRAS_N_126 is collapsed...
Note 13707: Node nRAS_N_127 is collapsed...
Note 13707: Node n2915 is collapsed...
Note 13707: Node n2874 is collapsed...
Note 13707: Node n2861 is collapsed...
Note 13707: Node n2796 is collapsed...
Note 13707: Node n2963 is collapsed...
Note 13707: Node n2778 is collapsed...
Note 13707: Node n2894 is collapsed...
Note 13707: Node n2966 is collapsed...
Note 13707: Node n1838 is collapsed...
Note 13707: Node n2933 is collapsed...
Note 13707: Node nRAMLWE_c is collapsed...
Note 13707: Node nRAMUWE_c is collapsed...
Note 13707: Node n2772 is collapsed...
Note 13707: Node n2986 is collapsed...
Note 13707: Node n7_adj_454 is collapsed...
Note 13707: Node i2444 is collapsed...
Note 13707: Node i2808 is collapsed...
Note 13707: Node n2871 is collapsed...
Note 13707: Node n2876 is collapsed...
Note 13707: Node i2416 is collapsed...
Note 13707: Node nBERR_FSB_N_1 is collapsed...
Note 13707: Node n4_adj_483 is collapsed...
Note 13707: Node n2914 is collapsed...
Note 13707: Node n2877 is collapsed...
Note 13707: Node n2972 is collapsed...
Note 13707: Node n11_adj_470 is collapsed...
Note 13707: Node n2970 is collapsed...
Note 13707: Node n9_adj_471 is collapsed...
Note 13707: Node i22_adj_241 is collapsed...
Note 13707: Node n2852 is collapsed...
Note 13707: Node n2898 is collapsed...
Note 13707: Node n2969 is collapsed...
Note 13707: Node n1835 is collapsed...
Note 13707: Node n2989 is collapsed...
Note 13707: Node n2913 is collapsed...
Note 13707: Node n3006 is collapsed...
Note 13707: Node n2991 is collapsed...
Note 13707: Node n2988 is collapsed...
Note 13707: Node RA_c_2 is collapsed...
Note 13707: Node n2879 is collapsed...
Note 13707: Node n4_adj_480 is collapsed...
Note 13707: Node RA_c_1 is collapsed...
Note 13707: Node n2911 is collapsed...
Note 13707: Node n2910 is collapsed...
Note 13707: Node n3005 is collapsed...
Note 13707: Node IOREQ_N_276 is collapsed...
Note 13707: Node i2423 is collapsed...
Note 13707: Node RASEL_N_135 is collapsed...
Note 13707: Node n2997 is collapsed...
Note 13707: Node nDinOE_c is collapsed...
Note 13707: Node n2907 is collapsed...
Note 13707: Node i20 is collapsed...
Note 13707: Node n7_adj_446 is collapsed...
Note 13707: Node n2880 is collapsed...
Note 13707: Node n2156 is collapsed...
Note 13707: Node n40_adj_474 is collapsed...
Note 13707: Node n2870 is collapsed...
Note 13707: Node n2906 is collapsed...
Note 13707: Node n4 is collapsed...
Note 13707: Node n75_adj_478 is collapsed...
Note 13707: Node nADoutLE0_N_13 is collapsed...
Note 13707: Node n19_adj_458 is collapsed...
Note 13707: Node n2895 is collapsed...
Note 13707: Node n2903 is collapsed...
Note 13707: Node n3002 is collapsed...
Note 13707: Node n1817 is collapsed...
Note 13707: Node n2851 is collapsed...
Note 13707: Node n2998 is collapsed...
Note 13707: Node i2437 is collapsed...
Note 13707: Node n2999 is collapsed...
Note 13707: Node i2430 is collapsed...
Note 13707: Node n60_adj_476 is collapsed...
Note 13707: Node n2904 is collapsed...
Note 13707: Node RA_c_19_c is collapsed...
Note 13707: Node n1423 is collapsed...
Note 13707: Node n1643 is collapsed...
Note 13707: Node A_FSB_c_14 is collapsed...
Note 13707: Node A_FSB_c_12 is collapsed...
Note 13707: Node A_FSB_c_11 is collapsed...
Note 13707: Node A_FSB_c_10 is collapsed...
Note 13707: Node C8M_N_335 is collapsed...
Note 13707: Node n2857 is collapsed...
Note 13707: Node n1552 is collapsed...
Note 13707: Node n1_adj_456 is collapsed...
Note 13707: Node nLDS_FSB_c is collapsed...
Note 13707: Node nUDS_FSB_c is collapsed...
Note 13707: Node n1577 is collapsed...
Note 13707: Node n769 is collapsed...
Note 13707: Node n2 is collapsed...
Note 13707: Node n1086 is collapsed...
Note 13707: Node n1102 is collapsed...
Note 13707: Node C16M_N_354 is collapsed...
Note 13707: Node nADoutLE1_c is collapsed...
Note 13707: Node n78 is collapsed...
Note 13707: Node n53 is collapsed...
Note 13707: Node n5_adj_457 is collapsed...
Note 13707: Node n1081 is collapsed...
Note 13707: Node n2760 is collapsed...
Note 13707: Node i34 is collapsed...
Note 13707: Node n917 is collapsed...
Note 13707: Node n1417 is collapsed...
Note 13707: Node n1415 is collapsed...
Note 13707: Node n1412 is collapsed...
Note 13707: Node n5_adj_447 is collapsed...
Note 13707: Node n37_adj_477 is collapsed...
Note 13707: Node n2430 is collapsed...
Note 13707: Node n673 is collapsed...
Note 13707: Node n2451 is collapsed...
Note 13707: Node n41_adj_459 is collapsed...
Note 13707: Node n1471 is collapsed...
Note 13707: Node n46 is collapsed...
Note 13707: Node n2176 is collapsed...
Note 13707: Node n2806 is collapsed...
Note 13707: Node nRAS_N_128 is collapsed...
Note 13707: Node n56 is collapsed...
Note 13707: Node n2763 is collapsed...
Note 13707: Node n5 is collapsed...
Note 13707: Node n760 is collapsed...
Note 13707: Node RASEL_N_143 is collapsed...
Note 13707: Node n1421 is collapsed...
Note 13707: Node nWE_FSB_c is collapsed...
Note 13707: Node n98 is collapsed...
Note 13707: Node n3004 is collapsed...
Note 13707: Node n2931 is collapsed...
Note 13707: Node n3001 is collapsed...
Note 13707: Node n2929 is collapsed...
Note 13707: Node n100 is collapsed...
Note 13707: Node n2968 is collapsed...
Note 13707: Node n2995 is collapsed...
Note 13707: Node n2494 is collapsed...
Note 13707: Node nBERR_FSB_N_8 is collapsed...
Note 13707: Node n2475 is collapsed...
Note 13707: Node n2780 is collapsed...
Note 13707: Node n2884 is collapsed...
Note 13707: Node n2812 is collapsed...
Note 13707: Node n2938 is collapsed...
Note 13707: Node n3000 is collapsed...
Note 13707: Node n2957 is collapsed...
Note 13707: Node n2945 is collapsed...
Note 13707: Node n2975 is collapsed...
Note 13707: Node n2973 is collapsed...
Note 13707: Node n2964 is collapsed...
Note 13707: Node n51_adj_468 is collapsed...
Note 13707: Node n34 is collapsed...
Note 13707: Node n2932 is collapsed...
Note 13707: Node A_FSB_c_23 is collapsed...
Note 13707: Node A_FSB_c_22 is collapsed...
Note 13707: Node A_FSB_c_20 is collapsed...
Note 13707: Node n955 is collapsed...
Note 13707: Node n7_adj_452 is collapsed...
Note 13707: Node RefUrgent is collapsed...
Note 13707: Node n99 is collapsed...
Note 13707: Node nDinOE_N_265 is collapsed...
Note 13707: Node n1758 is collapsed...
Note 13707: Node n2444 is collapsed...
Note 13707: Node n2423 is collapsed...
Note 13707: Node n910 is collapsed...
Note 13707: Node ALE0_N_293 is collapsed...
Note 13707: Node n33 is collapsed...
Note 13707: Node RA_c_21_c is collapsed...
Note 13707: Node RASEL_N_132 is collapsed...
Note 13707: Node RA_c_7 is collapsed...
Note 13707: Node RA_c_4 is collapsed...
Note 13707: Node RA_c_8 is collapsed...
Note 13707: Node RA_c_9 is collapsed...
Note 13707: Node RA_c_6 is collapsed...
Note 13707: Node RA_c_0 is collapsed...
Note 13707: Node RA_c_5 is collapsed...
Note 13707: Node RA_c_3 is collapsed...
Note 13707: Node ASActive is collapsed...
Note 13707: Node n50 is collapsed...
Note 13707: Node n58 is collapsed...
Note 13707: Node n6_adj_448 is collapsed...
Note 13707: Node nDinLE_N_386 is collapsed...
Note 13707: Node RASEL_N_153 is collapsed...
Note 13707: Node n57 is collapsed...
Note 13707: Node n1452 is collapsed...
Note 13707: Node n59 is collapsed...
Note 13707: Node n83 is collapsed...
Note 13707: Node n2967 is collapsed...
Note 13707: Node Once_N_163 is collapsed...
Note 13707: Node n74 is collapsed...
Note 13707: Node nVMA_N_368 is collapsed...
Note 13707: Node n1561 is collapsed...
Note 13707: Node CLK2X_IOB_c is collapsed...
Note 13707: Node RS_2_N_117_1 is collapsed...
Note 13707: Node n2923 is collapsed...
Note 13707: Node n178 is collapsed...
Note 13707: Node n2961 is collapsed...
Note 13707: Node n2954 is collapsed...
Note 13707: Node n2955 is collapsed...
Note 13707: Node IORDReady_N_314 is collapsed...
Note 13707: Node n2992 is collapsed...
Note 13707: Node n2869 is collapsed...
Note 13707: Node n2495 is collapsed...
Note 13707: Node n2859 is collapsed...
Note 13707: Node n50_adj_467 is collapsed...
Note 13707: Node nAS_FSB_c is collapsed...
Note 13707: Node n2743 is collapsed...
Note 13707: Node CLK_FSB_c is collapsed...
Note 13707: Node n1092 is collapsed...
Note 13707: Node n60 is collapsed...
Note 13707: Node n624 is collapsed...
Note 13707: Node ASInactive is collapsed...
Note 13707: Node n909 is collapsed...
Note 13707: Node RASEL_N_154 is collapsed...
Note 13707: Node n1774 is collapsed...
Note 13707: Node n55 is collapsed...
Note 13707: Node nBERR_FSB_N_12 is collapsed...
Note 13707: Node n2958 is collapsed...
Note 13707: Node nROMWE_c is collapsed...
Note 13707: Node n2917 is collapsed...
Note 13707: Node n2980 is collapsed...
Note 13707: Node n2862 is collapsed...
Note 13707: Node n2886 is collapsed...
Note 13707: Node i2451 is collapsed...
Note 13707: Node n1079 is collapsed...
Note 13707: Node n1795 is collapsed...
Note 13707: Node n517 is collapsed...
Note 13707: Node n2909 is collapsed...
Note 13707: Node n76 is collapsed...
Note 13707: Node n542 is collapsed...
Note 13707: Node RS_2_N_117_2 is collapsed...
Note 13707: Node RASEL_N_140 is collapsed...
Note 13707: Node n8_adj_475 is collapsed...
Note 13707: Node n7_adj_451 is collapsed...
Note 13707: Node n2855 is collapsed...
Note 13707: Node n2926 is collapsed...
Note 13707: Node n2740 is collapsed...
Note 13707: Node n7 is collapsed...
Note 13707: Node RASEL_N_149 is collapsed...
Note 13707: Node n2489 is collapsed...
Note 13707: Node nROMCS_c is collapsed...
Note 13707: Node nOE_N_180 is collapsed...
Note 13707: Node RASEL_N_136 is collapsed...
Note 13707: Node n2506 is collapsed...
Note 13707: Node n10 is collapsed...
Note 13707: Node n2854 is collapsed...
Note 13707: Node n2916 is collapsed...
Note 13707: Node n2927 is collapsed...
Note 13707: Fmax mode optimizing 10 critical paths, 3 levels ...
Note 13707: Fmax mode optimizing 2 critical paths, 3 levels ...
Note 13707: Fmax mode optimizing 2 critical paths, 3 levels ...
Note 13707: Node n2755 is collapsed...
Note 13707: Fmax mode optimizing 27 critical paths, 2 levels ...
Note 13707: Node n733 is collapsed...
Note 13707: Node n2776 is collapsed...
Note 13707: Node ALE1_N_285 is collapsed...
Note 13707: Node n2437 is collapsed...
Note 13707: Node n1814 is collapsed...
Note 13707: Node n2816 is collapsed...
Note 13707: Fmax mode optimizing 5 critical paths, 2 levels ...
Note 13707: Node n7_adj_449 is collapsed...
Note 13707: Fmax mode satisfied
Note 13707: Node RAMCS is collapsed...
Note 13707: Node IOCS is collapsed...
Control path optimization...
Performing 'bypin choose' optimization...
.......................Note    0: 
Estimated (clusters + macrocells): 94, Fmax Logic Level: 1
Writing Open-ABEL 2 (BLIF) file macceleratorse_lc4128ze.bl3...
Note    0: 
BLIFOPT complete - Time 3 seconds
Done: completed successfully.

Starting: 'C:\ispLEVER_Classic2_0\ispcpld\bin\abelvci.exe -vci macceleratorse_lc4128ze.lct -dev lc4k -diofft macceleratorse_lc4128ze.d0'

Done: completed successfully.

Starting: 'C:\ispLEVER_Classic2_0\ispcpld\bin\mdiofft.exe macceleratorse_lc4128ze.bl3 -family AMDMACH -idev van -o macceleratorse_lc4128ze.bl4 -oxrf macceleratorse_lc4128ze.xrf -err automake.err @macceleratorse_lc4128ze.d0 -gui'

DIOFFT  Flip-Flop Transformation program
ispLEVER Classic 2.0 Copyright 1992-2015 Lattice Semiconductor. All Rights Reserved.
Input file: macceleratorse_lc4128ze.bl3.
Output file: macceleratorse_lc4128ze.bl4.
Cross reference file: macceleratorse_lc4128ze.xrf.

.......................................................................
.......................................................................
.......................................................................
.......................................................................
................
Shortening signal names...
Writing signal name cross reference file macceleratorse_lc4128ze.xrf... 

DIOFFT complete - Time 0 seconds
Done: completed successfully.

Starting: 'C:\ispLEVER_Classic2_0\ispcpld\bin\abelvci.exe -vci macceleratorse_lc4128ze.lct -dev lc4k -prefit macceleratorse_lc4128ze.l0'

Done: completed successfully.

Starting: 'C:\ispLEVER_Classic2_0\ispcpld\bin\prefit.exe -blif -inp macceleratorse_lc4128ze.bl4 -out macceleratorse_lc4128ze.bl5 -err automake.err -log macceleratorse_lc4128ze.log -mod MacceleratorSE @macceleratorse_lc4128ze.l0 -gui -sc'

Prefit Logic Optimizer (May 31 2012)  Mon Oct 04 02:46:10 2021

C:\ispLEVER_Classic2_0\ispcpld\bin\prefit.exe -blif -inp macceleratorse_lc4128ze.bl4 -out macceleratorse_lc4128ze.bl5 -err automake.err -log macceleratorse_lc4128ze.log -mod MacceleratorSE @macceleratorse_lc4128ze.l0 -gui -sc 
<Note> F34000: nDTACK_FSB.CE has too many product terms. An node will be applied.
<Note> F34000: nVPA_FSB.CE has too many product terms. An node will be applied.
<Note> F34000: nVMA_IOB.CE has too many product terms. An node will be applied.
<Note> F34000: fsb__RefDone_48.CE has too many product terms. An node will be applied.
<Note> F34000: iobs__ALE1_92.CE has too many product terms. An node will be applied.
<Note> F34000: iobs__IORW0_99.CE has too many product terms. An node will be applied.
<Note> F34000: fsb__TimeoutA_50.CE has too many product terms. An node will be applied.
<Note> F34000: ram__Once_142.CE has too many product terms. An node will be applied.
<Note> F34000: iobs__Once_103.CE has too many product terms. An node will be applied.
<Note> F34000: iobs__IORW1_93.CE has too many product terms. An node will be applied.
<Note> F34000: iobs__IORDReady_104.CE has too many product terms. An node will be applied.
<Note> F34000: buried node nDTACK_FSB_0 generated
<Note> F34000: buried node nVMA_IOB_0 generated
<Note> F34000: buried node fsb__RefDone_48_0 generated
<Note> F34000: buried node iobs__ALE1_92_0 generated
<Note> F34000: buried node iobs__IORW0_99_0 generated
<Note> F34000: buried node fsb__TimeoutA_50_0 generated
<Note> F34000: buried node ram__Once_142_0 generated
<Note> F34000: buried node iobs__Once_103_0 generated
<Note> F34000: buried node iobs__IORW1_93_0 generated
<Note> F34000: buried node iobs__IORDReady_104_0 generated

Number of pins (IO)    :    67
Number of outputs (MC) :    93
Number of registers    :    60
Number of logic pterms :   334
C:\ispLEVER_Classic2_0\ispcpld\bin\prefit.exe complete - Time 0 seconds

Done: completed successfully.

Starting: 'C:\ispLEVER_Classic2_0\ispcpld\bin\lpf4k.exe @"macceleratorse_lc4128ze.rs2"'

Project 'macceleratorse_lc4128ze' was Fitted Successfully!

Done: completed successfully.

Starting: 'C:\ispLEVER_Classic2_0\ispcpld\bin\tda.exe -i macceleratorse_lc4128ze.bl5 -o macceleratorse_lc4128ze.tda -lci macceleratorse_lc4128ze.lct -dev m4e_128_64 -family lc4k -mod MacceleratorSE -ovec NoInput.tmv -err tda.err -gui'

TDA  - Timing Driven Analyze 
Ver. 1.0, supported by Lattice Semiconductor
ispLEVER Classic 2.0 Copyright 1992-2015 Lattice Semiconductor. All Rights Reserved.

TDA complete - Time 1 seconds
Done: completed successfully.

Starting: 'C:\ispLEVER_Classic2_0\ispcpld\bin\synsvf.exe -exe "C:\ispLEVER_Classic2_0\ispvmsystem/ispufw" -prj macceleratorse_lc4128ze -if macceleratorse_lc4128ze.jed -j2s -log macceleratorse_lc4128ze.svl -gui'

Need not generate svf file according to the constraints, exit
Done: completed successfully.
