--------------------------------------------------------------------------------
Lattice Synthesis Timing Report, Version  
Mon Oct 04 02:46:05 2021

Copyright (c) 1991-1994 by NeoCAD Inc. All rights reserved.
Copyright (c) 1995 AT&T Corp.   All rights reserved.
Copyright (c) 1995-2001 Lucent Technologies Inc.  All rights reserved.
Copyright (c) 2001 Agere Systems   All rights reserved.
Copyright (c) 2002-2015 Lattice Semiconductor Corporation,  All rights reserved.

Report Information
------------------
Design:     MacceleratorSE
Constraint file:  
Report level:    verbose report, limited to 3 items per constraint
--------------------------------------------------------------------------------



================================================================================
Constraint: create_clock -period 1000.000000 -name clk4 [get_nets C8M_N_335]
            0 items scored, 0 timing errors detected.
--------------------------------------------------------------------------------


================================================================================
Constraint: create_clock -period 1000.000000 -name clk3 [get_nets CLK_N_168]
            0 items scored, 0 timing errors detected.
--------------------------------------------------------------------------------


================================================================================
Constraint: create_clock -period 1000.000000 -name clk2 [get_nets C16M_N_354]
            0 items scored, 0 timing errors detected.
--------------------------------------------------------------------------------


================================================================================
Constraint: create_clock -period 1000.000000 -name clk1 [get_nets CLK2X_IOB_c]
            0 items scored, 0 timing errors detected.
--------------------------------------------------------------------------------


================================================================================
Constraint: create_clock -period 1000.000000 -name clk0 [get_nets CLK_FSB_c]
            0 items scored, 0 timing errors detected.
--------------------------------------------------------------------------------

Timing Report Summary
--------------
--------------------------------------------------------------------------------
Constraint                              |   Constraint|       Actual|Levels
--------------------------------------------------------------------------------
                                        |             |             |
create_clock -period 1000.000000 -name  |             |             |
clk4 [get_nets C8M_N_335]               |            -|            -|     0  
                                        |             |             |
create_clock -period 1000.000000 -name  |             |             |
clk3 [get_nets CLK_N_168]               |            -|            -|     0  
                                        |             |             |
create_clock -period 1000.000000 -name  |             |             |
clk2 [get_nets C16M_N_354]              |            -|            -|     0  
                                        |             |             |
create_clock -period 1000.000000 -name  |             |             |
clk1 [get_nets CLK2X_IOB_c]             |            -|            -|     0  
                                        |             |             |
create_clock -period 1000.000000 -name  |             |             |
clk0 [get_nets CLK_FSB_c]               |            -|            -|     0  
                                        |             |             |
--------------------------------------------------------------------------------


All constraints were met.



Timing summary:
---------------

Timing errors: 0  Score: 0

Constraints cover  0 paths, 0 nets, and 0 connections (0.0% coverage)


Peak memory: 36442112 bytes, TRCE: 1015808 bytes, DLYMAN: 0 bytes
CPU_TIME_REPORT: 0 secs 
