ISim log file
Running: C:\Users\zanek\Documents\GitHub\SE-030\cpld\XC95144XL\FSB_isim_beh.exe -intstyle ise -gui -tclbatch isim.cmd -wdb C:/Users/zanek/Documents/GitHub/SE-030/cpld/XC95144XL/FSB_isim_beh.wdb 
ISim P.20131013 (signature 0x7708f090)
This is a Full version of ISim.
Time resolution is 1 ps
# onerror resume
# wave add /
# run 1000 ns
Simulator is doing circuit initialization process.
Finished circuit initialization process.
# isim force add /FSB/FCLK 0 -radix bin -value 1 -radix bin -time 20 ns -repeat 40 ns
# isim force add /FSB/FCLK 0 -radix bin -value 1 -radix bin -time 20 ps -repeat 40 ps
# isim force add /FSB/FCLK 0 -radix bin -value 1 -radix bin -time 20 ns -repeat 40 ns
# isim force add /FSB/FCLK 0 -radix bin -value 1 -radix bin -time 500 ps -repeat 1 ns
# isim force remove /FSB/FCLK
# isim force add /FSB/FCLK 0 -radix bin -value 1 -radix bin -time 20 ns -repeat 40 ns -cancel 1 us
# isim force add /FSB/FCLK 1 -radix bin
# isim force remove /FSB/FCLK
# show driver /FSB/FCLK
/FSB/FCLK has no drivers.
# isim force add /FSB/FCLK 0 -radix bin -value 1 -radix bin -time 20 ns -repeat 40 ns
# isim force add /FSB/FCLK 1 -radix bin
# isim force add /FSB/FCLK 1 -radix bin -cancel 10 ns
