Running in Lattice mode

Starting:    C:\ispLEVER_Classic2_0\synpbase\win64\mbin\synplify.exe
Install:     C:\ispLEVER_Classic2_0\synpbase
Date:        Tue Oct 05 04:30:16 2021
Version:     I-2014.03LC 

Arguments:   -product synplify_pro 
ProductType: synplify_pro





Copied C:\Users\zanek\Documents\GitHub\SE-030\cpld\LC4064ZE\MXSE.srr to C:\Users\zanek\Documents\GitHub\SE-030\cpld\LC4064ZE\backup\MXSE.srr
log file: "C:\Users\zanek\Documents\GitHub\SE-030\cpld\LC4064ZE\MXSE.srr"

Running MXSE|LC4064ZE

Running: Compile on MXSE|LC4064ZE

Running: Compile Process on MXSE|LC4064ZE

Running: Compile Input on MXSE|LC4064ZE
Copied C:\Users\zanek\Documents\GitHub\SE-030\cpld\LC4064ZE\synwork\MXSE_comp.srs to C:\Users\zanek\Documents\GitHub\SE-030\cpld\LC4064ZE\MXSE.srs
compiler Completed with warnings
Return Code: 1
Run Time:0h:00m:01s

Running: Multi-srs Generator on MXSE|LC4064ZE
Copied C:\Users\zanek\Documents\GitHub\SE-030\cpld\LC4064ZE\synwork\MXSE_comp.srs to C:\Users\zanek\Documents\GitHub\SE-030\cpld\LC4064ZE\synwork\MXSE_s.srs
multi_srs_gen Completed
Return Code: 0
Run Time:0h:00m:00s
Copied C:\Users\zanek\Documents\GitHub\SE-030\cpld\LC4064ZE\synwork\MXSE_mult.srs to C:\Users\zanek\Documents\GitHub\SE-030\cpld\LC4064ZE\MXSE.srs
Copied C:\Users\zanek\Documents\GitHub\SE-030\cpld\LC4064ZE\MXSE.srr to C:\Users\zanek\Documents\GitHub\SE-030\cpld\LC4064ZE\mxse.srf
Complete: Compile Process on MXSE|LC4064ZE
Complete: Compile on MXSE|LC4064ZE

Running: Map on MXSE|LC4064ZE

Running: Map & Optimize on MXSE|LC4064ZE
fpga_mapper Completed
Return Code: 0
Run Time:0h:00m:00s
Complete: Map on MXSE|LC4064ZE
Complete: Logic Synthesis on MXSE|LC4064ZE
log file: "C:\Users\zanek\Documents\GitHub\SE-030\cpld\LC4064ZE\MXSE.srr"

Running MXSE|LC4064ZE

Running: Compile on MXSE|LC4064ZE

Running: Compile Process on MXSE|LC4064ZE

Running: Compile Input on MXSE|LC4064ZE
compiler Completed
Return Code: 0
Run Time:0h:00m:00s

Running: Multi-srs Generator on MXSE|LC4064ZE
Copied C:\Users\zanek\Documents\GitHub\SE-030\cpld\LC4064ZE\synwork\MXSE_comp.srs to C:\Users\zanek\Documents\GitHub\SE-030\cpld\LC4064ZE\synwork\MXSE_s.srs
Up-To-Date: multi_srs_gen. No run necessary
Copied C:\Users\zanek\Documents\GitHub\SE-030\cpld\LC4064ZE\MXSE.srr to C:\Users\zanek\Documents\GitHub\SE-030\cpld\LC4064ZE\mxse.srf
Complete: Compile Process on MXSE|LC4064ZE
Complete: Compile on MXSE|LC4064ZE

Running: Map on MXSE|LC4064ZE

Running: Map & Optimize on MXSE|LC4064ZE
Up-To-Date: fpga_mapper. No run necessary
Complete: Map on MXSE|LC4064ZE
Complete: Logic Synthesis on MXSE|LC4064ZE
log file: "C:\Users\zanek\Documents\GitHub\SE-030\cpld\LC4064ZE\MXSE.srr"

Running MXSE|LC4064ZE

Running: Compile on MXSE|LC4064ZE

Running: Compile Process on MXSE|LC4064ZE

Running: Compile Input on MXSE|LC4064ZE
Copied C:\Users\zanek\Documents\GitHub\SE-030\cpld\LC4064ZE\synwork\MXSE_comp.srs to C:\Users\zanek\Documents\GitHub\SE-030\cpld\LC4064ZE\MXSE.srs
compiler Completed with warnings
Return Code: 1
Run Time:0h:00m:01s

Running: Multi-srs Generator on MXSE|LC4064ZE
Copied C:\Users\zanek\Documents\GitHub\SE-030\cpld\LC4064ZE\synwork\MXSE_comp.srs to C:\Users\zanek\Documents\GitHub\SE-030\cpld\LC4064ZE\synwork\MXSE_s.srs
multi_srs_gen Completed
Return Code: 0
Run Time:0h:00m:00s
Copied C:\Users\zanek\Documents\GitHub\SE-030\cpld\LC4064ZE\synwork\MXSE_mult.srs to C:\Users\zanek\Documents\GitHub\SE-030\cpld\LC4064ZE\MXSE.srs
Copied C:\Users\zanek\Documents\GitHub\SE-030\cpld\LC4064ZE\MXSE.srr to C:\Users\zanek\Documents\GitHub\SE-030\cpld\LC4064ZE\mxse.srf
Complete: Compile Process on MXSE|LC4064ZE
Complete: Compile on MXSE|LC4064ZE

Running: Map on MXSE|LC4064ZE
Resynthesize All Compile Points not supported for this device

Running: Map & Optimize on MXSE|LC4064ZE
fpga_mapper Completed
Return Code: 0
Run Time:0h:00m:01s
Complete: Map on MXSE|LC4064ZE
Copied C:\Users\zanek\Documents\GitHub\SE-030\cpld\LC4064ZE\MXSE.srr to C:\Users\zanek\Documents\GitHub\SE-030\cpld\LC4064ZE\mxse.srf
Complete: Logic Synthesis on MXSE|LC4064ZE
exit status=0
